2015-09-01 23:06:31 Error: Fatal Error (4): parse error, expecting `')'' in [/private/var/www/app/Config/database.php, line 76]
2015-09-01 23:06:31 Error: [FatalErrorException] parse error, expecting `')''
Request URL: /
Stack Trace:
#0 /private/var/www/lib/Cake/Error/ErrorHandler.php(213): ErrorHandler::handleFatalError(4, 'parse error, ex...', '/private/var/ww...', 76)
#1 [internal function]: ErrorHandler::handleError(4, 'parse error, ex...', '/private/var/ww...', 76, Array)
#2 /private/var/www/lib/Cake/Core/App.php(933): call_user_func('ErrorHandler::h...', 4, 'parse error, ex...', '/private/var/ww...', 76, Array)
#3 /private/var/www/lib/Cake/Core/App.php(906): App::_checkFatalError()
#4 [internal function]: App::shutdown()
#5 {main}
2015-09-02 01:21:47 Error: [MissingControllerException] Controller class PostsController could not be found.
Exception Attributes: array (
  'class' => 'PostsController',
  'plugin' => NULL,
)
Request URL: /posts
Stack Trace:
#0 /private/var/www/app/webroot/index.php(118): Dispatcher->dispatch(Object(CakeRequest), Object(CakeResponse))
#1 {main}
2015-09-02 01:23:18 Error: [MissingViewException] View file "Posts/index.ctp" is missing.
Exception Attributes: array (
  'file' => 'Posts/index.ctp',
)
Request URL: /posts
Stack Trace:
#0 /private/var/www/lib/Cake/View/View.php(470): View->_getViewFileName(NULL)
#1 /private/var/www/lib/Cake/Controller/Controller.php(960): View->render(NULL, NULL)
#2 /private/var/www/lib/Cake/Routing/Dispatcher.php(200): Controller->render()
#3 /private/var/www/lib/Cake/Routing/Dispatcher.php(167): Dispatcher->_invoke(Object(PostsController), Object(CakeRequest))
#4 /private/var/www/app/webroot/index.php(118): Dispatcher->dispatch(Object(CakeRequest), Object(CakeResponse))
#5 {main}
2015-09-02 02:15:16 Error: [MissingActionException] Action PostsController::view() could not be found.
Exception Attributes: array (
  'controller' => 'PostsController',
  'action' => 'view',
)
Request URL: /posts/view/1
Stack Trace:
#0 /private/var/www/lib/Cake/Routing/Dispatcher.php(193): Controller->invokeAction(Object(CakeRequest))
#1 /private/var/www/lib/Cake/Routing/Dispatcher.php(167): Dispatcher->_invoke(Object(PostsController), Object(CakeRequest))
#2 /private/var/www/app/webroot/index.php(118): Dispatcher->dispatch(Object(CakeRequest), Object(CakeResponse))
#3 {main}
2015-09-02 02:32:29 Error: [MissingViewException] View file "Posts/view.ctp" is missing.
Exception Attributes: array (
  'file' => 'Posts/view.ctp',
)
Request URL: /posts/view/1
Stack Trace:
#0 /private/var/www/lib/Cake/View/View.php(470): View->_getViewFileName(NULL)
#1 /private/var/www/lib/Cake/Controller/Controller.php(960): View->render(NULL, NULL)
#2 /private/var/www/lib/Cake/Routing/Dispatcher.php(200): Controller->render()
#3 /private/var/www/lib/Cake/Routing/Dispatcher.php(167): Dispatcher->_invoke(Object(PostsController), Object(CakeRequest))
#4 /private/var/www/app/webroot/index.php(118): Dispatcher->dispatch(Object(CakeRequest), Object(CakeResponse))
#5 {main}
2015-09-02 13:01:35 Error: [NotFoundException] Invalid post
Request URL: /posts/view
Stack Trace:
#0 [internal function]: PostsController->view()
#1 /private/var/www/lib/Cake/Controller/Controller.php(490): ReflectionMethod->invokeArgs(Object(PostsController), Array)
#2 /private/var/www/lib/Cake/Routing/Dispatcher.php(193): Controller->invokeAction(Object(CakeRequest))
#3 /private/var/www/lib/Cake/Routing/Dispatcher.php(167): Dispatcher->_invoke(Object(PostsController), Object(CakeRequest))
#4 /private/var/www/app/webroot/index.php(118): Dispatcher->dispatch(Object(CakeRequest), Object(CakeResponse))
#5 {main}
